{
  "stats": {
    "suites": 1,
    "tests": 1,
    "passes": 1,
    "pending": 0,
    "failures": 0,
    "start": "2024-09-04T17:07:54.008Z",
    "end": "2024-09-04T17:07:57.565Z",
    "duration": 3557,
    "testsRegistered": 1,
    "passPercent": 100,
    "pendingPercent": 0,
    "other": 0,
    "hasOther": false,
    "skipped": 0,
    "hasSkipped": false
  },
  "results": [
    {
      "uuid": "3fd30ed8-1e4d-4b25-8a24-129510ad3471",
      "title": "",
      "fullFile": "cypress/e2e/1-getting-started/test.cy.ts",
      "file": "cypress/e2e/1-getting-started/test.cy.ts",
      "beforeHooks": [],
      "afterHooks": [],
      "tests": [],
      "suites": [
        {
          "uuid": "020d854f-15c0-4369-993f-1991323535a2",
          "title": "first test to be ",
          "fullFile": "",
          "file": "",
          "beforeHooks": [],
          "afterHooks": [],
          "tests": [
            {
              "title": "test it tttt",
              "fullTitle": "first test to be  test it tttt",
              "timedOut": null,
              "duration": 2379,
              "state": "passed",
              "speed": "fast",
              "pass": true,
              "fail": false,
              "pending": false,
              "context": null,
              "code": "dash.visitUrl(\"https://www.youtube.com\");\ncy.go(\"back\");",
              "err": {},
              "uuid": "dc6ce496-49ab-4b40-8009-b1b277f0f2d3",
              "parentUUID": "020d854f-15c0-4369-993f-1991323535a2",
              "isHook": false,
              "skipped": false
            }
          ],
          "suites": [],
          "passes": [
            "dc6ce496-49ab-4b40-8009-b1b277f0f2d3"
          ],
          "failures": [],
          "pending": [],
          "skipped": [],
          "duration": 2379,
          "root": false,
          "rootEmpty": false,
          "_timeout": 2000
        }
      ],
      "passes": [],
      "failures": [],
      "pending": [],
      "skipped": [],
      "duration": 0,
      "root": true,
      "rootEmpty": true,
      "_timeout": 2000
    }
  ],
  "meta": {
    "mocha": {
      "version": "7.0.1"
    },
    "mochawesome": {
      "options": {
        "quiet": false,
        "reportFilename": "mochawesome",
        "saveHtml": true,
        "saveJson": true,
        "consoleReporter": "spec",
        "useInlineDiffs": false,
        "code": true
      },
      "version": "7.1.3"
    },
    "marge": {
      "options": null,
      "version": "6.2.0"
    }
  }
}